<?xml version="1.0" encoding="UTF-8" standalone="yes"?>
<ns2:test-suite start="1568673083954" stop="1568673155466" version="1.5.0" xmlns:ns2="urn:model.allure.qatools.yandex.ru">
    <name>Orangelogin HRM with set of users</name>
    <description type="text">This feature would test create ,delete user functionality.</description>
    <test-cases>
        <test-case start="1568673084379" stop="1568673155426" status="broken">
            <name>Test Orange HRM Login</name>
            <title>Test Orange HRM Login</title>
            <description type="text">Sample scenario</description>
            <failure>
                <message>NoSuchElementException: no such element: Unable to locate element: {"method":"xpath","selector":"//a[text()='Cucumber Tester01']"}
  (Session info: chrome=76.0.3809.132)
  (Driver info: chromedriver=2.44.609538 (b655c5a60b0b544917107a59d4153d4bf78e1b90),platform=Windows NT 6.3.9600 x86_64) (WARNING: The server did not provide any stacktrace information)
Command duration or timeout: 0 milliseconds
For documentation on this error, please visit: http://seleniumhq.org/exceptions/no_such_element.html
Build info: version: '3.14.0', revision: 'aacccce0', time: '2018-08-02T20:19:58.91Z'
System info: host: 'PHOENIX', ip: '192.168.54.2', os.name: 'Windows 8.1', os.arch: 'amd64', os.version: '6.3', java.version: '1.8.0_191'
Driver info: org.openqa.selenium.chrome.ChromeDriver
Capabilities {acceptInsecureCerts: false, acceptSslCerts: false, applicationCacheEnabled: false, browserConnectionEnabled: false, browserName: chrome, chrome: {chromedriverVersion: 2.44.609538 (b655c5a60b0b54..., userDataDir: C:\Users\apuchu\AppData\Loc...}, cssSelectorsEnabled: true, databaseEnabled: false, goog:chromeOptions: {debuggerAddress: localhost:65348}, handlesAlerts: true, hasTouchScreen: false, javascriptEnabled: true, locationContextEnabled: true, mobileEmulationEnabled: false, nativeEvents: true, networkConnectionEnabled: false, pageLoadStrategy: normal, platform: XP, platformName: XP, rotatable: false, setWindowRect: true, takesHeapSnapshot: true, takesScreenshot: true, unexpectedAlertBehaviour: ignore, unhandledPromptBehavior: ignore, version: 76.0.3809.132, webStorageEnabled: true}
Session ID: faa0d3e55b0196d9474b77d9e6bfb108
*** Element info: {Using=xpath, value=//a[text()='Cucumber Tester01']}</message>
                <stack-trace>org.openqa.selenium.NoSuchElementException: no such element: Unable to locate element: {"method":"xpath","selector":"//a[text()='Cucumber Tester01']"}
  (Session info: chrome=76.0.3809.132)
  (Driver info: chromedriver=2.44.609538 (b655c5a60b0b544917107a59d4153d4bf78e1b90),platform=Windows NT 6.3.9600 x86_64) (WARNING: The server did not provide any stacktrace information)
Command duration or timeout: 0 milliseconds
For documentation on this error, please visit: http://seleniumhq.org/exceptions/no_such_element.html
Build info: version: '3.14.0', revision: 'aacccce0', time: '2018-08-02T20:19:58.91Z'
System info: host: 'PHOENIX', ip: '192.168.54.2', os.name: 'Windows 8.1', os.arch: 'amd64', os.version: '6.3', java.version: '1.8.0_191'
Driver info: org.openqa.selenium.chrome.ChromeDriver
Capabilities {acceptInsecureCerts: false, acceptSslCerts: false, applicationCacheEnabled: false, browserConnectionEnabled: false, browserName: chrome, chrome: {chromedriverVersion: 2.44.609538 (b655c5a60b0b54..., userDataDir: C:\Users\apuchu\AppData\Loc...}, cssSelectorsEnabled: true, databaseEnabled: false, goog:chromeOptions: {debuggerAddress: localhost:65348}, handlesAlerts: true, hasTouchScreen: false, javascriptEnabled: true, locationContextEnabled: true, mobileEmulationEnabled: false, nativeEvents: true, networkConnectionEnabled: false, pageLoadStrategy: normal, platform: XP, platformName: XP, rotatable: false, setWindowRect: true, takesHeapSnapshot: true, takesScreenshot: true, unexpectedAlertBehaviour: ignore, unhandledPromptBehavior: ignore, version: 76.0.3809.132, webStorageEnabled: true}
Session ID: faa0d3e55b0196d9474b77d9e6bfb108
*** Element info: {Using=xpath, value=//a[text()='Cucumber Tester01']}
	at sun.reflect.NativeConstructorAccessorImpl.newInstance0(Native Method)
	at sun.reflect.NativeConstructorAccessorImpl.newInstance(NativeConstructorAccessorImpl.java:62)
	at sun.reflect.DelegatingConstructorAccessorImpl.newInstance(DelegatingConstructorAccessorImpl.java:45)
	at java.lang.reflect.Constructor.newInstance(Constructor.java:423)
	at org.openqa.selenium.remote.ErrorHandler.createThrowable(ErrorHandler.java:214)
	at org.openqa.selenium.remote.ErrorHandler.throwIfResponseFailed(ErrorHandler.java:166)
	at org.openqa.selenium.remote.http.JsonHttpResponseCodec.reconstructValue(JsonHttpResponseCodec.java:40)
	at org.openqa.selenium.remote.http.AbstractHttpResponseCodec.decode(AbstractHttpResponseCodec.java:80)
	at org.openqa.selenium.remote.http.AbstractHttpResponseCodec.decode(AbstractHttpResponseCodec.java:44)
	at org.openqa.selenium.remote.HttpCommandExecutor.execute(HttpCommandExecutor.java:158)
	at org.openqa.selenium.remote.service.DriverCommandExecutor.execute(DriverCommandExecutor.java:83)
	at org.openqa.selenium.remote.RemoteWebDriver.execute(RemoteWebDriver.java:548)
	at org.openqa.selenium.remote.RemoteWebDriver.findElement(RemoteWebDriver.java:322)
	at org.openqa.selenium.remote.RemoteWebDriver.findElementByXPath(RemoteWebDriver.java:424)
	at org.openqa.selenium.By$ByXPath.findElement(By.java:353)
	at org.openqa.selenium.remote.RemoteWebDriver.findElement(RemoteWebDriver.java:314)
	at cloudPackage.RunDatatableOrangeHRM.System_displays_the_user_save_confirmation_message(RunDatatableOrangeHRM.java:177)
	at âœ½.Then System displays the user  save confirmation message(BDDtestDatatableSet.feature:17)
</stack-trace>
            </failure>
            <steps>
                <step start="1568673084552" stop="1568673109172" status="passed">
                    <name>Given A browser is available</name>
                    <title>Given A browser is available</title>
                </step>
                <step start="1568673109173" stop="1568673120551" status="passed">
                    <name>And Login fields are displayed</name>
                    <title>And Login fields are displayed</title>
                </step>
                <step start="1568673120551" stop="1568673126062" status="passed">
                    <name>When valid user id &amp; password is entered</name>
                    <title>When valid user id &amp; password is entered</title>
                </step>
                <step start="1568673126062" stop="1568673127180" status="passed">
                    <name>Then User is able to Login</name>
                    <title>Then User is able to Login</title>
                </step>
                <step start="1568673127181" stop="1568673128884" status="passed">
                    <name>When User Management section is clicked</name>
                    <title>When User Management section is clicked</title>
                </step>
                <step start="1568673128885" stop="1568673129755" status="passed">
                    <name>Then System users must be displayed</name>
                    <title>Then System users must be displayed</title>
                </step>
                <step start="1568673129756" stop="1568673131877" status="passed">
                    <name>When add button is clicked</name>
                    <title>When add button is clicked</title>
                </step>
                <step start="1568673131877" stop="1568673131877" status="passed">
                    <name>Then new user field must be displayed</name>
                    <title>Then new user field must be displayed</title>
                </step>
                <step start="1568673131877" stop="1568673139474" status="passed">
                    <name>When user details are added and saved</name>
                    <title>When user details are added and saved</title>
                </step>
                <step start="1568673139475" stop="1568673155384" status="broken">
                    <name>Then System displays the user  save confirmation message</name>
                    <title>Then System displays the user  save confirmation message</title>
                </step>
                <step start="1568673155385" stop="1568673155411" status="canceled">
                    <name>When User is select &amp; deleted from the system</name>
                    <title>When User is select &amp; deleted from the system</title>
                </step>
                <step start="1568673155416" stop="1568673155416" status="canceled">
                    <name>Then user should not be displayed under User management screen</name>
                    <title>Then user should not be displayed under User management screen</title>
                </step>
                <step start="1568673155418" stop="1568673155418" status="canceled">
                    <name>Then Logout of the application</name>
                    <title>Then Logout of the application</title>
                </step>
                <step start="1568673155419" stop="1568673155419" status="canceled">
                    <name>But Login page should not be displayed</name>
                    <title>But Login page should not be displayed</title>
                </step>
            </steps>
            <attachments/>
            <labels>
                <label name="story" value="Test Orange HRM Login"/>
                <label name="feature" value="Orangelogin HRM with set of users"/>
                <label name="host" value="Phoenix"/>
                <label name="thread" value="7140@Phoenix.main(1)"/>
                <label name="framework" value="CucumberJVM"/>
            </labels>
        </test-case>
    </test-cases>
    <labels>
        <label name="feature" value="Orangelogin HRM with set of users"/>
        <label name="language" value="JAVA"/>
    </labels>
</ns2:test-suite>
